<?xml version="1.0" encoding="UTF-8"?>
<!-- Generated by org.testng.reporters.JUnitReportReporter -->
<testsuite skipped="0" hostname="DESKTOP-P90SI6N" name="testng.NewTest" tests="1" failures="0" timestamp="2021-01-15T12:08:34 IST" time="0.007" errors="0">
  <testcase name="run" time="0.007" classname="testng.NewTest"/>
  <system-out>
hii i m run method frm newtest class  </system-out>
</testsuite> <!-- testng.NewTest -->
